2025-11-17 03:19:25,886 INFO [root] ----------------------------------- ADAM Audio Service started
2025-11-17 03:20:32,305 INFO [root] ----------------------------------- ADAM Audio Service started
2025-11-17 03:21:06,058 INFO [root] ----------------------------------- ADAM Audio Service started
2025-11-17 03:21:34,036 INFO [root] ----------------------------------- ADAM Audio Service started
2025-11-17 03:22:26,126 INFO [root] ----------------------------------- ADAM Audio Service started
2025-11-17 03:29:22,705 INFO [root] ----------------------------------- ADAM Audio Service started
2025-11-17 03:29:22,712 INFO [ADAMService] === ADAM AUDIO SERVICE INFO ===
2025-11-17 03:29:22,712 INFO [ADAMService] Company: ADAM Audio
2025-11-17 03:29:22,712 INFO [ADAMService] Service: Production Support Service
2025-11-17 03:29:22,712 INFO [ADAMService] Service Name: ADAMService
2025-11-17 03:29:22,712 INFO [ADAMService] Hostname: Dell-Thilo
2025-11-17 03:29:22,712 INFO [ADAMService] Service Port: 65432
2025-11-17 03:29:22,713 INFO [ADAMService] Discovery Port: 65433
2025-11-17 03:29:22,713 INFO [ADAMService] Discovery Interval: 2 seconds
2025-11-17 03:29:22,713 INFO [ADAMService] Primary IP: 192.168.1.79
2025-11-17 03:29:22,713 INFO [ADAMService] Host binding: 0.0.0.0 (0.0.0.0 = all interfaces)
2025-11-17 03:29:22,713 INFO [ADAMService] Discovery service: ENABLED
2025-11-17 03:29:22,713 INFO [ADAMService] Note: OCA device communication handled locally by workstations
2025-11-17 03:29:22,713 INFO [ADAMService] Workstation usage examples:
2025-11-17 03:29:22,713 INFO [ADAMService]   Helper functions: python adam_workstation.py --host 192.168.1.79 generate_timestamp_extension
2025-11-17 03:29:22,713 INFO [ADAMService]   Biquad calculation: python adam_workstation.py --host 192.168.1.79 get_biquad_coefficients bell 3.0 1000 1.4 48000
2025-11-17 03:29:22,713 INFO [ADAMService]   Auto-discovery: python adam_connector.py --find --service-name ADAMService
2025-11-17 03:29:22,713 INFO [ADAMService] ================================
2025-11-17 03:29:22,714 INFO [ADAMService] Discovery service started on port 65433 (interval: 2s)
2025-11-17 03:29:22,714 INFO [ADAMService] Starting discovery broadcast loop...
2025-11-17 03:29:22,714 INFO [ADAMService] ADAM Audio Service started
2025-11-17 03:29:22,714 INFO [ADAMService] ADAM Audio Service is running...
2025-11-17 03:29:22,714 INFO [ADAMService] Waiting for workstation connections...
2025-11-17 03:29:37,782 INFO [ADAMService] Workstation connection from ('192.168.1.79', 57771)
2025-11-17 03:29:37,805 INFO [ADAMService] Workstation connection closed: ('192.168.1.79', 57771)
2025-11-17 04:26:09,891 ERROR [ADAMService] Discovery broadcast error: [WinError 10065] A socket operation was attempted to an unreachable host
2025-11-17 04:26:10,905 ERROR [ADAMService] Discovery broadcast error: [WinError 10065] A socket operation was attempted to an unreachable host
2025-11-17 04:26:11,923 ERROR [ADAMService] Discovery broadcast error: [WinError 10065] A socket operation was attempted to an unreachable host
2025-11-18 03:18:41,984 ERROR [ADAMService] Discovery broadcast error: [WinError 10051] A socket operation was attempted to an unreachable network
2025-11-18 03:18:42,996 ERROR [ADAMService] Discovery broadcast error: [WinError 10051] A socket operation was attempted to an unreachable network
2025-11-18 03:18:44,001 ERROR [ADAMService] Discovery broadcast error: [WinError 10051] A socket operation was attempted to an unreachable network
2025-11-18 03:18:45,003 ERROR [ADAMService] Discovery broadcast error: [WinError 10051] A socket operation was attempted to an unreachable network
2025-11-18 03:18:46,011 ERROR [ADAMService] Discovery broadcast error: [WinError 10051] A socket operation was attempted to an unreachable network
2025-11-18 03:20:26,382 ERROR [ADAMService] Discovery broadcast error: [WinError 10051] A socket operation was attempted to an unreachable network
2025-11-18 03:20:27,390 ERROR [ADAMService] Discovery broadcast error: [WinError 10051] A socket operation was attempted to an unreachable network
2025-11-18 03:20:28,401 ERROR [ADAMService] Discovery broadcast error: [WinError 10051] A socket operation was attempted to an unreachable network
2025-11-18 03:20:29,413 ERROR [ADAMService] Discovery broadcast error: [WinError 10051] A socket operation was attempted to an unreachable network
2025-11-18 03:20:30,427 ERROR [ADAMService] Discovery broadcast error: [WinError 10051] A socket operation was attempted to an unreachable network
2025-11-18 04:19:13,019 ERROR [ADAMService] Discovery broadcast error: [WinError 10051] A socket operation was attempted to an unreachable network
2025-11-18 04:19:14,022 ERROR [ADAMService] Discovery broadcast error: [WinError 10051] A socket operation was attempted to an unreachable network
2025-12-11 15:46:43,503 ERROR [ADAMService] Discovery broadcast error: [WinError 10051] A socket operation was attempted to an unreachable network
2025-12-11 15:46:44,510 ERROR [ADAMService] Discovery broadcast error: [WinError 10065] A socket operation was attempted to an unreachable host
2025-12-11 15:46:45,650 ERROR [ADAMService] Discovery broadcast error: [WinError 10065] A socket operation was attempted to an unreachable host
2025-12-11 15:46:46,937 ERROR [ADAMService] Discovery broadcast error: [WinError 10065] A socket operation was attempted to an unreachable host
2025-12-11 15:46:47,967 ERROR [ADAMService] Discovery broadcast error: [WinError 10065] A socket operation was attempted to an unreachable host
2025-12-11 15:46:48,979 ERROR [ADAMService] Discovery broadcast error: [WinError 10065] A socket operation was attempted to an unreachable host
2025-12-11 15:46:49,991 ERROR [ADAMService] Discovery broadcast error: [WinError 10065] A socket operation was attempted to an unreachable host
2025-12-11 15:46:50,994 ERROR [ADAMService] Discovery broadcast error: [WinError 10065] A socket operation was attempted to an unreachable host
2025-12-11 15:46:51,995 ERROR [ADAMService] Discovery broadcast error: [WinError 10065] A socket operation was attempted to an unreachable host
